<?xml version="1.0" encoding="UTF-8"?>
<testsuite name="Test" tests="2" skipped="0" failures="0" errors="0" timestamp="2021-10-08T19:27:31" hostname="DESKTOP-IT5L82F" time="0.006">
  <properties/>
  <testcase name="testNegative" classname="Test" time="0.006"/>
  <testcase name="testLargeNumber" classname="Test" time="0.0"/>
  <system-out><![CDATA[]]></system-out>
  <system-err><![CDATA[]]></system-err>
</testsuite>
